20260712_Settimanale.png|ig
20260712_Settimanale.png|fb
20260713_Carosello|ig
20260713_Carosello|fb
20260713_Storia_1.png|ig
20260713_Storia_1.png|fb
20260714_Post giornaliero.png|ig
20260714_Post giornaliero.png|fb
20260715_Storia_1.png|ig
20260715_Storia_2.png|ig
20260715_Storia_1.png|fb
20260715_Storia_2.png|fb
20260715_Post giornaliero.png|ig
20260715_Post giornaliero.png|fb
20260716_Post giornaliero.png|ig
20260716_Post giornaliero.png|fb
20260716_Storia_1.png|ig
20260716_Storia_2.png|ig
20260716_Storia_1.png|fb
20260716_Storia_2.png|fb
20260716_Weekend.png|ig
20260716_Weekend.png|fb
20260717_Post giornaliero.png|ig
20260717_Post giornaliero.png|fb
20260717_Storia_1.png|ig
20260717_Storia_2.png|ig
20260717_Storia_3.png|ig
20260717_Storia_1.png|fb
20260717_Storia_2.png|fb
20260717_Storia_3.png|fb
20260718_Post giornaliero.png|ig
20260718_Post giornaliero.png|fb
20260718_Storia_1.png|ig
20260718_Storia_2.png|ig
20260718_Storia_3.png|ig
20260718_Storia_1.png|fb
20260718_Storia_2.png|fb
20260718_Storia_3.png|fb
20260719_Storia_1.png|ig
20260719_Storia_1.png|fb
20260719_Settimanale|ig
20260719_Settimanale|fb
20260721_Storia_1.png|ig
20260721_Storia_1.png|fb
20260722_Storia_1.png|ig
20260722_Storia_1.png|fb
20260723_Storia_1.png|ig
20260723_Storia_1.png|fb
20260723_Post giornaliero.png|ig
20260723_Post giornaliero.png|fb
20260724_Post giornaliero.png|ig
20260724_Post giornaliero.png|fb
20260724_Storia_1.png|ig
20260724_Storia_2.png|ig
20260724_Storia_3.png|ig
20260724_Storia_1.png|fb
20260724_Storia_2.png|fb
20260724_Storia_3.png|fb
